INFO     Client starting work
INFO     Register Client
INFO     Client Accepted. Sending Data!
INFO     Sending Category File: BR_category_id.json
INFO     Sending Category File: CA_category_id.json
INFO     Sending Category File: DE_category_id.json
INFO     Sending Category File: FR_category_id.json
INFO     Sending Category File: GB_category_id.json
INFO     Sending Category File: IN_category_id.json
INFO     Sending Category File: JP_category_id.json
INFO     Sending Category File: KR_category_id.json
INFO     Sending Category File: MX_category_id.json
INFO     Sending Category File: RU_category_id.json
INFO     Sending Category File: US_category_id.json
INFO     Sending Raw Data File: BR_youtube_trending_data.csv
INFO     Sending Raw Data File: CA_youtube_trending_data.csv
INFO     Sending Raw Data File: DE_youtube_trending_data.csv
INFO     Sending Raw Data File: FR_youtube_trending_data.csv
INFO     Sending Raw Data File: GB_youtube_trending_data.csv
INFO     Sending Raw Data File: IN_youtube_trending_data.csv
INFO     Sending Raw Data File: JP_youtube_trending_data.csv
INFO     Sending Raw Data File: KR_youtube_trending_data.csv
INFO     Sending Raw Data File: MX_youtube_trending_data.csv
INFO     Sending Raw Data File: RU_youtube_trending_data.csv
INFO     Sending Raw Data File: US_youtube_trending_data.csv
INFO     Send end message
INFO     **** Results1 ****
INFO      * ['1339', 'title 0', 'Science & Technology']
INFO      * ['2520', 'title 1000', 'Science & Technology']
INFO      * ['1515', 'title 2000', 'Drama']
INFO      * ['373', 'title 0', 'Family']
INFO      * ['3289', 'title 1000', 'Science & Technology']
INFO      * ['648', 'title 3000', 'Horror']
INFO      * ['2222', 'title 4000', 'Comedy']
INFO      * ['3744', 'title 0', 'Thriller']
INFO      * ['3881', 'title 1000', 'Pets & Animals']
INFO      * ['1727', 'title 4000', 'Comedy']
INFO      * ['1833', 'title 0', 'Sci-Fi/Fantasy']
INFO      * ['1152', 'title 1000', 'Documentary']
INFO      * ['2037', 'title 2000', 'Education']
INFO      * ['1359', 'title 3000', 'People & Blogs']
INFO      * ['84', 'title 0', 'News & Politics']
INFO      * ['2015', 'title 1000', 'Foreign']
INFO      * ['3329', 'title 4000', 'Family']
INFO      * ['1577', 'title 1000', 'Videoblogging']
INFO      * ['2801', 'title 0', 'Comedy']
INFO      * ['2365', 'title 3000', 'Short Movies']
INFO      * ['2448', 'title 0', 'Trailers']
INFO      * ['2078', 'title 3000', 'Foreign']
INFO      * ['2405', 'title 4000', 'Autos & Vehicles']
INFO     **** Results3 ****
INFO      * Top views happened: 2020-04-17
INFO     **** Results2 ****
INFO      * All files downloaded to path: .temp
INFO     Recv All Responses!
INFO     Bye bye!
