INFO     Client starting work
INFO     Register Client
INFO     Client Accepted. Sending Data!
INFO     Sending Category File: BR_category_id.json
INFO     Sending Category File: CA_category_id.json
INFO     Sending Category File: DE_category_id.json
INFO     Sending Category File: FR_category_id.json
INFO     Sending Category File: GB_category_id.json
INFO     Sending Category File: IN_category_id.json
INFO     Sending Category File: JP_category_id.json
INFO     Sending Category File: KR_category_id.json
INFO     Sending Category File: MX_category_id.json
INFO     Sending Category File: RU_category_id.json
INFO     Sending Category File: US_category_id.json
INFO     Sending Raw Data File: BR_youtube_trending_data.csv
INFO     Sending Raw Data File: CA_youtube_trending_data.csv
INFO     Sending Raw Data File: DE_youtube_trending_data.csv
INFO     Sending Raw Data File: FR_youtube_trending_data.csv
INFO     Sending Raw Data File: GB_youtube_trending_data.csv
INFO     Sending Raw Data File: IN_youtube_trending_data.csv
INFO     Sending Raw Data File: JP_youtube_trending_data.csv
INFO     Sending Raw Data File: KR_youtube_trending_data.csv
INFO     Sending Raw Data File: MX_youtube_trending_data.csv
INFO     Sending Raw Data File: RU_youtube_trending_data.csv
INFO     Sending Raw Data File: US_youtube_trending_data.csv
INFO     Send end message
INFO     **** Results1 ****
INFO      * ['1272', 'title 4000', 'Drama']
INFO      * ['1003', 'title 0', 'Entertainment']
INFO      * ['2047', 'title 2000', 'Autos & Vehicles']
INFO      * ['101', 'title 3000', 'Videoblogging']
INFO      * ['2456', 'title 4000', 'Foreign']
INFO      * ['3205', 'title 0', 'Autos & Vehicles']
INFO      * ['1925', 'title 2000', 'Autos & Vehicles']
INFO      * ['1503', 'title 2000', 'Classics']
INFO      * ['3801', 'title 0', 'Comedy']
INFO      * ['3406', 'title 3000', 'Sports']
INFO      * ['2563', 'title 3000', 'Science & Technology']
INFO      * ['3891', 'title 1000', 'Movies']
INFO      * ['613', 'title 2000', 'Sports']
INFO      * ['2804', 'title 0', 'Entertainment']
INFO      * ['1161', 'title 3000', 'Film & Animation']
INFO      * ['2176', 'title 1000', 'Travel & Events']
INFO      * ['713', 'title 1000', 'Film & Animation']
INFO      * ['2319', 'title 3000', 'Travel & Events']
INFO      * ['3914', 'title 4000', 'Shows']
INFO      * ['2603', 'title 2000', 'Anime/Animation']
INFO      * ['1895', 'title 3000', 'Education']
INFO     **** Results3 ****
INFO      * Top views happened: 2021-09-07
INFO     **** Results2 ****
INFO      * All files downloaded to path: .temp
INFO     Recv All Responses!
INFO     Bye bye!
