INFO     Client starting work
INFO     Register Client
INFO     Client Accepted. Sending Data!
INFO     Sending Category File: BR_category_id.json
INFO     Sending Category File: CA_category_id.json
INFO     Sending Category File: DE_category_id.json
INFO     Sending Category File: FR_category_id.json
INFO     Sending Category File: GB_category_id.json
INFO     Sending Category File: IN_category_id.json
INFO     Sending Category File: JP_category_id.json
INFO     Sending Category File: KR_category_id.json
INFO     Sending Category File: MX_category_id.json
INFO     Sending Category File: RU_category_id.json
INFO     Sending Category File: US_category_id.json
INFO     Sending Raw Data File: BR_youtube_trending_data.csv
INFO     Sending Raw Data File: CA_youtube_trending_data.csv
INFO     Sending Raw Data File: DE_youtube_trending_data.csv
INFO     Sending Raw Data File: FR_youtube_trending_data.csv
INFO     Sending Raw Data File: GB_youtube_trending_data.csv
INFO     Sending Raw Data File: IN_youtube_trending_data.csv
INFO     Sending Raw Data File: JP_youtube_trending_data.csv
INFO     Sending Raw Data File: KR_youtube_trending_data.csv
INFO     Sending Raw Data File: MX_youtube_trending_data.csv
INFO     Sending Raw Data File: RU_youtube_trending_data.csv
INFO     Sending Raw Data File: US_youtube_trending_data.csv
INFO     Send end message
INFO     **** Results1 ****
INFO      * ['3975', 'title 1000', 'Horror']
INFO      * ['1336', 'title 3000', 'Documentary']
INFO      * ['2812', 'title 0', 'Documentary']
INFO      * ['2530', 'title 2000', 'Howto & Style']
INFO      * ['1111', 'title 4000', 'Action/Adventure']
INFO      * ['3780', 'title 0', 'Music']
INFO      * ['3934', 'title 1000', 'Horror']
INFO      * ['1528', 'title 3000', 'Classics']
INFO      * ['2402', 'title 0', 'Music']
INFO      * ['2426', 'title 4000', 'Shows']
INFO      * ['1992', 'title 0', 'Comedy']
INFO      * ['65', 'title 4000', 'Thriller']
INFO      * ['1555', 'title 2000', 'Family']
INFO      * ['2709', 'title 0', 'Thriller']
INFO      * ['1098', 'title 2000', 'Pets & Animals']
INFO      * ['826', 'title 4000', 'Comedy']
INFO      * ['1922', 'title 1000', 'Autos & Vehicles']
INFO      * ['2866', 'title 0', 'Anime/Animation']
INFO      * ['1180', 'title 4000', 'Thriller']
INFO      * ['392', 'title 2000', 'Shorts']
INFO      * ['1366', 'title 0', 'Documentary']
INFO      * ['374', 'title 3000', 'Thriller']
INFO      * ['1264', 'title 2000', 'Howto & Style']
INFO      * ['3234', 'title 2000', 'Drama']
INFO      * ['2485', 'title 4000', 'Travel & Events']
INFO     **** Results3 ****
INFO      * Top views happened: 2021-08-08
INFO     **** Results2 ****
INFO      * All files downloaded to path: .temp
INFO     Recv All Responses!
INFO     Bye bye!
